veracode [2019-11-08 13:28:32 -0500] COMMAND: /home/f3dnot/.rvm/gems/ruby-2.5.7@veracode/bin/veracode prepare -v -D
veracode [2019-11-08 13:28:32 -0500] RUBY_DESCRIPTION: ruby 2.5.7p206 (2019-10-01 revision 67816) [x86_64-linux]
veracode [2019-11-08 13:28:33 -0500] RAILS_VERSION: Rails 5.2.3
veracode [2019-11-08 13:28:33 -0500] GEM_VERSION: 1.0.0.alpha19
veracode [2019-11-08 13:28:33 -0500] ARCHIVE_VERSION: 2012-07-04
veracode [2019-11-08 13:28:33 -0500] PWD: "/home/f3dnot/vanilla-rails52-api"
veracode [2019-11-08 13:28:33 -0500] APP_NAME: "vanilla-rails52-api"
veracode [2019-11-08 13:28:33 -0500] RUNID: 20191108132832
Exception `LoadError' at /home/f3dnot/.rvm/gems/ruby-2.5.7@veracode/gems/concurrent-ruby-1.1.5/lib/concurrent/utility/native_extension_loader.rb:62 - cannot load such file -- concurrent/concurrent_ruby_ext
Exception `LoadError' at /home/f3dnot/.rvm/gems/ruby-2.5.7@veracode/gems/concurrent-ruby-1.1.5/lib/concurrent/utility/native_extension_loader.rb:62 - cannot load such file -- concurrent/2.5/concurrent_ruby_ext
Exception `LoadError' at /home/f3dnot/.rvm/rubies/ruby-2.5.7/lib/ruby/2.5.0/psych.rb:9 - cannot load such file -- 2.5/psych.so
Exception `NameError' at /home/f3dnot/.rvm/rubies/ruby-2.5.7/lib/ruby/2.5.0/psych/class_loader.rb:68 - uninitialized constant BigDecimal
Exception `NameError' at /home/f3dnot/.rvm/rubies/ruby-2.5.7/lib/ruby/2.5.0/psych/class_loader.rb:68 - uninitialized constant Date
Did you mean?  Data
Exception `NameError' at /home/f3dnot/.rvm/rubies/ruby-2.5.7/lib/ruby/2.5.0/psych/class_loader.rb:68 - uninitialized constant DateTime
Did you mean?  DateAndTime
Using Ext extension for JSON.
Exception `TypeError' at /home/f3dnot/.rvm/gems/ruby-2.5.7@veracode/gems/activesupport-5.2.3/lib/active_support/core_ext/enumerable.rb:10 - String can't be coerced into Integer
Exception `TypeError' at /home/f3dnot/.rvm/gems/ruby-2.5.7@veracode/gems/activesupport-5.2.3/lib/active_support/core_ext/enumerable.rb:146 - String can't be coerced into Integer
Exception `LoadError' at /home/f3dnot/.rvm/gems/ruby-2.5.7@veracode/gems/nokogiri-1.10.5/lib/nokogiri.rb:30 - cannot load such file -- nokogiri/2.5/nokogiri
Exception `LoadError' at /home/f3dnot/.rvm/gems/ruby-2.5.7@veracode/gems/msgpack-1.3.1/lib/msgpack.rb:9 - cannot load such file -- msgpack/2.5/msgpack
Exception `Errno::ENOENT' at /home/f3dnot/.rvm/gems/ruby-2.5.7@veracode/gems/bootsnap-1.4.5/lib/bootsnap/load_path_cache/path.rb:28 - No such file or directory @ rb_file_s_stat - /home/f3dnot/.rvm/gems/ruby-2.5.7@veracode/gems/rails-5.2.3/lib
Exception `Errno::ENOENT' at /home/f3dnot/.rvm/gems/ruby-2.5.7@veracode/gems/bootsnap-1.4.5/lib/bootsnap/load_path_cache/path.rb:28 - No such file or directory @ rb_file_s_stat - /home/f3dnot/.rvm/rubies/ruby-2.5.7/lib/ruby/gems/2.5.0/gems/bundler-1.17.3/lib
Exception `Errno::EEXIST' at /home/f3dnot/.rvm/rubies/ruby-2.5.7/lib/ruby/2.5.0/fileutils.rb:232 - File exists @ dir_s_mkdir - /home/f3dnot/vanilla-rails52-api/tmp/cache
Exception `Bootsnap::LoadPathCache::ReturnFalse' at /home/f3dnot/.rvm/gems/ruby-2.5.7@veracode/gems/bootsnap-1.4.5/lib/bootsnap/load_path_cache/cache.rb:61 - 
Exception `Bootsnap::LoadPathCache::ReturnFalse' at /home/f3dnot/.rvm/gems/ruby-2.5.7@veracode/gems/bootsnap-1.4.5/lib/bootsnap/load_path_cache/cache.rb:61 - 
Exception `Bootsnap::LoadPathCache::FallbackScan' at /home/f3dnot/.rvm/gems/ruby-2.5.7@veracode/gems/bootsnap-1.4.5/lib/bootsnap/load_path_cache/cache.rb:92 - 
Exception `LoadError' at /home/f3dnot/.rvm/gems/ruby-2.5.7@veracode/gems/bootsnap-1.4.5/lib/bootsnap/load_path_cache/core_ext/kernel_require.rb:22 - cannot load such file -- did_you_mean
Exception `LoadError' at /home/f3dnot/.rvm/gems/ruby-2.5.7@veracode/gems/activesupport-5.2.3/lib/active_support/dependencies.rb:261 - cannot load such file -- did_you_mean
Exception `Bootsnap::LoadPathCache::FallbackScan' at /home/f3dnot/.rvm/gems/ruby-2.5.7@veracode/gems/bootsnap-1.4.5/lib/bootsnap/load_path_cache/cache.rb:92 - 
Exception `LoadError' at /home/f3dnot/.rvm/gems/ruby-2.5.7@veracode/gems/bootsnap-1.4.5/lib/bootsnap/load_path_cache/core_ext/kernel_require.rb:22 - cannot load such file -- sqlite3/2.5/sqlite3_native
Exception `LoadError' at /home/f3dnot/.rvm/gems/ruby-2.5.7@veracode/gems/activesupport-5.2.3/lib/active_support/dependencies.rb:261 - cannot load such file -- sqlite3/2.5/sqlite3_native
Exception `Bootsnap::LoadPathCache::ReturnFalse' at /home/f3dnot/.rvm/gems/ruby-2.5.7@veracode/gems/bootsnap-1.4.5/lib/bootsnap/load_path_cache/cache.rb:61 - 
Exception `Bootsnap::LoadPathCache::ReturnFalse' at /home/f3dnot/.rvm/gems/ruby-2.5.7@veracode/gems/bootsnap-1.4.5/lib/bootsnap/load_path_cache/cache.rb:61 - 
Exception `Bootsnap::LoadPathCache::ReturnFalse' at /home/f3dnot/.rvm/gems/ruby-2.5.7@veracode/gems/bootsnap-1.4.5/lib/bootsnap/load_path_cache/cache.rb:61 - 
Exception `Bootsnap::LoadPathCache::ReturnFalse' at /home/f3dnot/.rvm/gems/ruby-2.5.7@veracode/gems/bootsnap-1.4.5/lib/bootsnap/load_path_cache/cache.rb:61 - 
Exception `Bootsnap::LoadPathCache::ReturnFalse' at /home/f3dnot/.rvm/gems/ruby-2.5.7@veracode/gems/bootsnap-1.4.5/lib/bootsnap/load_path_cache/cache.rb:61 - 
Exception `Bootsnap::LoadPathCache::FallbackScan' at /home/f3dnot/.rvm/gems/ruby-2.5.7@veracode/gems/bootsnap-1.4.5/lib/bootsnap/load_path_cache/cache.rb:92 - 
Exception `LoadError' at /home/f3dnot/.rvm/gems/ruby-2.5.7@veracode/gems/bootsnap-1.4.5/lib/bootsnap/load_path_cache/core_ext/kernel_require.rb:22 - cannot load such file -- spring
Exception `Bootsnap::LoadPathCache::FallbackScan' at /home/f3dnot/.rvm/gems/ruby-2.5.7@veracode/gems/bootsnap-1.4.5/lib/bootsnap/load_path_cache/cache.rb:92 - 
Exception `LoadError' at /home/f3dnot/.rvm/gems/ruby-2.5.7@veracode/gems/bootsnap-1.4.5/lib/bootsnap/load_path_cache/core_ext/kernel_require.rb:22 - cannot load such file -- spring-watcher-listen
Exception `Bootsnap::LoadPathCache::FallbackScan' at /home/f3dnot/.rvm/gems/ruby-2.5.7@veracode/gems/bootsnap-1.4.5/lib/bootsnap/load_path_cache/cache.rb:92 - 
Exception `LoadError' at /home/f3dnot/.rvm/gems/ruby-2.5.7@veracode/gems/bootsnap-1.4.5/lib/bootsnap/load_path_cache/core_ext/kernel_require.rb:22 - cannot load such file -- tzinfo/data
Exception `LoadError' at /home/f3dnot/.rvm/gems/ruby-2.5.7@veracode/gems/activesupport-5.2.3/lib/active_support/dependencies.rb:261 - cannot load such file -- tzinfo/data
Exception `Sprockets::Railtie::ManifestNeededError' at /home/f3dnot/.rvm/gems/ruby-2.5.7@veracode/gems/sprockets-rails-3.2.1/lib/sprockets/railtie.rb:105 - Expected to find a manifest file in `app/assets/config/manifest.js`
But did not, please create this file and use it to link any assets that need
to be rendered by your app:

Example:
  //= link_tree ../images
  //= link_directory ../javascripts .js
  //= link_directory ../stylesheets .css
and restart your server
Exception `Sprockets::Railtie::ManifestNeededError' at /home/f3dnot/.rvm/gems/ruby-2.5.7@veracode/gems/bootsnap-1.4.5/lib/bootsnap/load_path_cache/core_ext/kernel_require.rb:22 - Expected to find a manifest file in `app/assets/config/manifest.js`
But did not, please create this file and use it to link any assets that need
to be rendered by your app:

Example:
  //= link_tree ../images
  //= link_directory ../javascripts .js
  //= link_directory ../stylesheets .css
and restart your server
Exception `Sprockets::Railtie::ManifestNeededError' at /home/f3dnot/.rvm/gems/ruby-2.5.7@veracode/gems/activesupport-5.2.3/lib/active_support/dependencies.rb:261 - Expected to find a manifest file in `app/assets/config/manifest.js`
But did not, please create this file and use it to link any assets that need
to be rendered by your app:

Example:
  //= link_tree ../images
  //= link_directory ../javascripts .js
  //= link_directory ../stylesheets .css
and restart your server
Exception `Sprockets::Railtie::ManifestNeededError' at /home/f3dnot/.rvm/gems/ruby-2.5.7@veracode/bin/veracode:23 - Expected to find a manifest file in `app/assets/config/manifest.js`
But did not, please create this file and use it to link any assets that need
to be rendered by your app:

Example:
  //= link_tree ../images
  //= link_directory ../javascripts .js
  //= link_directory ../stylesheets .css
and restart your server
/home/f3dnot/.rvm/gems/ruby-2.5.7@veracode/gems/sprockets-rails-3.2.1/lib/sprockets/railtie.rb:105:in `block in <class:Railtie>': Expected to find a manifest file in `app/assets/config/manifest.js` (Sprockets::Railtie::ManifestNeededError)
But did not, please create this file and use it to link any assets that need
to be rendered by your app:

Example:
  //= link_tree ../images
  //= link_directory ../javascripts .js
  //= link_directory ../stylesheets .css
and restart your server
	from /home/f3dnot/.rvm/gems/ruby-2.5.7@veracode/gems/railties-5.2.3/lib/rails/initializable.rb:32:in `instance_exec'
	from /home/f3dnot/.rvm/gems/ruby-2.5.7@veracode/gems/railties-5.2.3/lib/rails/initializable.rb:32:in `run'
	from /home/f3dnot/.rvm/gems/ruby-2.5.7@veracode/gems/railties-5.2.3/lib/rails/initializable.rb:61:in `block in run_initializers'
	from /home/f3dnot/.rvm/rubies/ruby-2.5.7/lib/ruby/2.5.0/tsort.rb:228:in `block in tsort_each'
	from /home/f3dnot/.rvm/rubies/ruby-2.5.7/lib/ruby/2.5.0/tsort.rb:350:in `block (2 levels) in each_strongly_connected_component'
	from /home/f3dnot/.rvm/rubies/ruby-2.5.7/lib/ruby/2.5.0/tsort.rb:431:in `each_strongly_connected_component_from'
	from /home/f3dnot/.rvm/rubies/ruby-2.5.7/lib/ruby/2.5.0/tsort.rb:349:in `block in each_strongly_connected_component'
	from /home/f3dnot/.rvm/rubies/ruby-2.5.7/lib/ruby/2.5.0/tsort.rb:347:in `each'
	from /home/f3dnot/.rvm/rubies/ruby-2.5.7/lib/ruby/2.5.0/tsort.rb:347:in `call'
	from /home/f3dnot/.rvm/rubies/ruby-2.5.7/lib/ruby/2.5.0/tsort.rb:347:in `each_strongly_connected_component'
	from /home/f3dnot/.rvm/rubies/ruby-2.5.7/lib/ruby/2.5.0/tsort.rb:226:in `tsort_each'
	from /home/f3dnot/.rvm/rubies/ruby-2.5.7/lib/ruby/2.5.0/tsort.rb:205:in `tsort_each'
	from /home/f3dnot/.rvm/gems/ruby-2.5.7@veracode/gems/railties-5.2.3/lib/rails/initializable.rb:60:in `run_initializers'
	from /home/f3dnot/.rvm/gems/ruby-2.5.7@veracode/gems/railties-5.2.3/lib/rails/application.rb:361:in `initialize!'
	from /home/f3dnot/vanilla-rails52-api/config/environment.rb:5:in `<top (required)>'
	from /home/f3dnot/.rvm/gems/ruby-2.5.7@veracode/gems/bootsnap-1.4.5/lib/bootsnap/load_path_cache/core_ext/kernel_require.rb:22:in `require'
	from /home/f3dnot/.rvm/gems/ruby-2.5.7@veracode/gems/bootsnap-1.4.5/lib/bootsnap/load_path_cache/core_ext/kernel_require.rb:22:in `block in require_with_bootsnap_lfi'
	from /home/f3dnot/.rvm/gems/ruby-2.5.7@veracode/gems/bootsnap-1.4.5/lib/bootsnap/load_path_cache/loaded_features_index.rb:92:in `register'
	from /home/f3dnot/.rvm/gems/ruby-2.5.7@veracode/gems/bootsnap-1.4.5/lib/bootsnap/load_path_cache/core_ext/kernel_require.rb:21:in `require_with_bootsnap_lfi'
	from /home/f3dnot/.rvm/gems/ruby-2.5.7@veracode/gems/bootsnap-1.4.5/lib/bootsnap/load_path_cache/core_ext/kernel_require.rb:30:in `require'
	from /home/f3dnot/.rvm/gems/ruby-2.5.7@veracode/gems/activesupport-5.2.3/lib/active_support/dependencies.rb:291:in `block in require'
	from /home/f3dnot/.rvm/gems/ruby-2.5.7@veracode/gems/activesupport-5.2.3/lib/active_support/dependencies.rb:257:in `load_dependency'
	from /home/f3dnot/.rvm/gems/ruby-2.5.7@veracode/gems/activesupport-5.2.3/lib/active_support/dependencies.rb:291:in `require'
	from /home/f3dnot/.rvm/gems/ruby-2.5.7@veracode/gems/railties-5.2.3/lib/rails/application.rb:337:in `require_environment!'
	from /home/f3dnot/.rvm/gems/ruby-2.5.7@veracode/gems/veracode-1.0.0.alpha19/lib/veracode.rb:939:in `prepare'
	from /home/f3dnot/.rvm/gems/ruby-2.5.7@veracode/gems/veracode-1.0.0.alpha19/bin/veracode:75:in `<top (required)>'
	from /home/f3dnot/.rvm/gems/ruby-2.5.7@veracode/bin/veracode:23:in `load'
	from /home/f3dnot/.rvm/gems/ruby-2.5.7@veracode/bin/veracode:23:in `<main>'
	from /home/f3dnot/.rvm/gems/ruby-2.5.7@veracode/bin/ruby_executable_hooks:24:in `eval'
	from /home/f3dnot/.rvm/gems/ruby-2.5.7@veracode/bin/ruby_executable_hooks:24:in `<main>'
